<?xml version="1.0" encoding="UTF-8"?>
<testsuite name="com.objogate.wl.swing.probe.tests.ComponentFinderErrorMessagesTest" tests="3" skipped="0" failures="3" errors="0" timestamp="2023-07-01T20:21:17" hostname="DESKTOP-KELJ5DS" time="1.382">
  <properties/>
  <testcase name="reportsWhenCannotFindNestedComponent" classname="com.objogate.wl.swing.probe.tests.ComponentFinderErrorMessagesTest" time="0.634">
    <failure message="java.lang.AssertionError: &#10;Expected: a string containing &quot;Tried to look for&quot;, &quot;exactly 1&quot;, &quot;JLabel&quot;, &quot;with name \&quot;label\&quot;&quot;, &quot;with text \&quot;HELLO\&quot;&quot;, &quot;in exactly 1 JFrame&quot;, &quot;with name \&quot;componentViewer\&quot;&quot;, &quot;in all top level windows&quot;, &quot;and check that it is showing on screen&quot;, &quot;but&quot;, &quot;all top level windows&quot;, &quot;contained 1 JFrame&quot;, &quot;with name \&quot;componentViewer\&quot;&quot;, &quot;contained 0 JLabel&quot;, &quot;with name \&quot;label\&quot;&quot;, &quot;with text \&quot;HELLO\&quot;&quot; in order&#10;     but: was &quot;\nTried to find:\n    exactly 1 JLabel (with name \&quot;label\&quot; and with text \&quot;HELLO\&quot;)\n    in exactly 1 JFrame (with name \&quot;componentViewer\&quot;)\n    in all top level windows\nand check that it is showing on screen\nbut:\n    all top level windows\n    contained 14 JFrame (with name \&quot;componentViewer\&quot;)&quot;" type="java.lang.AssertionError">java.lang.AssertionError: 
Expected: a string containing &quot;Tried to look for&quot;, &quot;exactly 1&quot;, &quot;JLabel&quot;, &quot;with name \&quot;label\&quot;&quot;, &quot;with text \&quot;HELLO\&quot;&quot;, &quot;in exactly 1 JFrame&quot;, &quot;with name \&quot;componentViewer\&quot;&quot;, &quot;in all top level windows&quot;, &quot;and check that it is showing on screen&quot;, &quot;but&quot;, &quot;all top level windows&quot;, &quot;contained 1 JFrame&quot;, &quot;with name \&quot;componentViewer\&quot;&quot;, &quot;contained 0 JLabel&quot;, &quot;with name \&quot;label\&quot;&quot;, &quot;with text \&quot;HELLO\&quot;&quot; in order
     but: was &quot;\nTried to find:\n    exactly 1 JLabel (with name \&quot;label\&quot; and with text \&quot;HELLO\&quot;)\n    in exactly 1 JFrame (with name \&quot;componentViewer\&quot;)\n    in all top level windows\nand check that it is showing on screen\nbut:\n    all top level windows\n    contained 14 JFrame (with name \&quot;componentViewer\&quot;)&quot;
	at org.hamcrest.MatcherAssert.assertThat(MatcherAssert.java:20)
	at org.junit.Assert.assertThat(Assert.java:956)
	at org.junit.Assert.assertThat(Assert.java:923)
	at com.objogate.wl.swing.probe.tests.ComponentFinderErrorMessagesTest.reportsWhenCannotFindNestedComponent(ComponentFinderErrorMessagesTest.java:63)
	at java.base/jdk.internal.reflect.NativeMethodAccessorImpl.invoke0(Native Method)
	at java.base/jdk.internal.reflect.NativeMethodAccessorImpl.invoke(NativeMethodAccessorImpl.java:64)
	at java.base/jdk.internal.reflect.DelegatingMethodAccessorImpl.invoke(DelegatingMethodAccessorImpl.java:43)
	at java.base/java.lang.reflect.Method.invoke(Method.java:564)
	at org.junit.runners.model.FrameworkMethod$1.runReflectiveCall(FrameworkMethod.java:50)
	at org.junit.internal.runners.model.ReflectiveCallable.run(ReflectiveCallable.java:12)
	at org.junit.runners.model.FrameworkMethod.invokeExplosively(FrameworkMethod.java:47)
	at org.junit.internal.runners.statements.InvokeMethod.evaluate(InvokeMethod.java:17)
	at org.junit.internal.runners.statements.RunAfters.evaluate(RunAfters.java:27)
	at org.junit.runners.ParentRunner.runLeaf(ParentRunner.java:325)
	at org.junit.runners.BlockJUnit4ClassRunner.runChild(BlockJUnit4ClassRunner.java:78)
	at org.junit.runners.BlockJUnit4ClassRunner.runChild(BlockJUnit4ClassRunner.java:57)
	at org.junit.runners.ParentRunner$3.run(ParentRunner.java:290)
	at org.junit.runners.ParentRunner$1.schedule(ParentRunner.java:71)
	at org.junit.runners.ParentRunner.runChildren(ParentRunner.java:288)
	at org.junit.runners.ParentRunner.access$000(ParentRunner.java:58)
	at org.junit.runners.ParentRunner$2.evaluate(ParentRunner.java:268)
	at org.junit.runners.ParentRunner.run(ParentRunner.java:363)
	at org.gradle.api.internal.tasks.testing.junit.JUnitTestClassExecutor.runTestClass(JUnitTestClassExecutor.java:110)
	at org.gradle.api.internal.tasks.testing.junit.JUnitTestClassExecutor.execute(JUnitTestClassExecutor.java:58)
	at org.gradle.api.internal.tasks.testing.junit.JUnitTestClassExecutor.execute(JUnitTestClassExecutor.java:38)
	at org.gradle.api.internal.tasks.testing.junit.AbstractJUnitTestClassProcessor.processTestClass(AbstractJUnitTestClassProcessor.java:62)
	at org.gradle.api.internal.tasks.testing.SuiteTestClassProcessor.processTestClass(SuiteTestClassProcessor.java:51)
	at jdk.internal.reflect.GeneratedMethodAccessor24.invoke(Unknown Source)
	at java.base/jdk.internal.reflect.DelegatingMethodAccessorImpl.invoke(DelegatingMethodAccessorImpl.java:43)
	at java.base/java.lang.reflect.Method.invoke(Method.java:564)
	at org.gradle.internal.dispatch.ReflectionDispatch.dispatch(ReflectionDispatch.java:36)
	at org.gradle.internal.dispatch.ReflectionDispatch.dispatch(ReflectionDispatch.java:24)
	at org.gradle.internal.dispatch.ContextClassLoaderDispatch.dispatch(ContextClassLoaderDispatch.java:33)
	at org.gradle.internal.dispatch.ProxyDispatchAdapter$DispatchingInvocationHandler.invoke(ProxyDispatchAdapter.java:94)
	at com.sun.proxy.$Proxy2.processTestClass(Unknown Source)
	at org.gradle.api.internal.tasks.testing.worker.TestWorker.processTestClass(TestWorker.java:121)
	at jdk.internal.reflect.GeneratedMethodAccessor23.invoke(Unknown Source)
	at java.base/jdk.internal.reflect.DelegatingMethodAccessorImpl.invoke(DelegatingMethodAccessorImpl.java:43)
	at java.base/java.lang.reflect.Method.invoke(Method.java:564)
	at org.gradle.internal.dispatch.ReflectionDispatch.dispatch(ReflectionDispatch.java:36)
	at org.gradle.internal.dispatch.ReflectionDispatch.dispatch(ReflectionDispatch.java:24)
	at org.gradle.internal.remote.internal.hub.MessageHubBackedObjectConnection$DispatchWrapper.dispatch(MessageHubBackedObjectConnection.java:182)
	at org.gradle.internal.remote.internal.hub.MessageHubBackedObjectConnection$DispatchWrapper.dispatch(MessageHubBackedObjectConnection.java:164)
	at org.gradle.internal.remote.internal.hub.MessageHub$Handler.run(MessageHub.java:414)
	at org.gradle.internal.concurrent.ExecutorPolicy$CatchAndRecordFailures.onExecute(ExecutorPolicy.java:64)
	at org.gradle.internal.concurrent.ManagedExecutorImpl$1.run(ManagedExecutorImpl.java:48)
	at java.base/java.util.concurrent.ThreadPoolExecutor.runWorker(ThreadPoolExecutor.java:1130)
	at java.base/java.util.concurrent.ThreadPoolExecutor$Worker.run(ThreadPoolExecutor.java:630)
	at org.gradle.internal.concurrent.ThreadFactoryImpl$ManagedThreadRunnable.run(ThreadFactoryImpl.java:56)
	at java.base/java.lang.Thread.run(Thread.java:832)
</failure>
  </testcase>
  <testcase name="reportsWhenCannotFindTopLevelFrame" classname="com.objogate.wl.swing.probe.tests.ComponentFinderErrorMessagesTest" time="0.104">
    <failure message="java.lang.AssertionError: &#10;Expected: a string containing &quot;Tried to look for&quot;, &quot;exactly 1&quot;, &quot;JFrame&quot;, &quot;with name \&quot;--no-such-frame--\&quot;&quot;, &quot;in all top level windows&quot;, &quot;but&quot;, &quot;all top level windows&quot;, &quot;contained 0 JFrame&quot;, &quot;with name \&quot;--no-such-frame--\&quot;&quot; in order&#10;     but: was &quot;\nTried to find:\n    exactly 1 JFrame (with name \&quot;--no-such-frame--\&quot;)\n    in all top level windows\nbut:\n    all top level windows\n    contained 0 JFrame (with name \&quot;--no-such-frame--\&quot;)&quot;" type="java.lang.AssertionError">java.lang.AssertionError: 
Expected: a string containing &quot;Tried to look for&quot;, &quot;exactly 1&quot;, &quot;JFrame&quot;, &quot;with name \&quot;--no-such-frame--\&quot;&quot;, &quot;in all top level windows&quot;, &quot;but&quot;, &quot;all top level windows&quot;, &quot;contained 0 JFrame&quot;, &quot;with name \&quot;--no-such-frame--\&quot;&quot; in order
     but: was &quot;\nTried to find:\n    exactly 1 JFrame (with name \&quot;--no-such-frame--\&quot;)\n    in all top level windows\nbut:\n    all top level windows\n    contained 0 JFrame (with name \&quot;--no-such-frame--\&quot;)&quot;
	at org.hamcrest.MatcherAssert.assertThat(MatcherAssert.java:20)
	at org.junit.Assert.assertThat(Assert.java:956)
	at org.junit.Assert.assertThat(Assert.java:923)
	at com.objogate.wl.swing.probe.tests.ComponentFinderErrorMessagesTest.reportsWhenCannotFindTopLevelFrame(ComponentFinderErrorMessagesTest.java:35)
	at java.base/jdk.internal.reflect.NativeMethodAccessorImpl.invoke0(Native Method)
	at java.base/jdk.internal.reflect.NativeMethodAccessorImpl.invoke(NativeMethodAccessorImpl.java:64)
	at java.base/jdk.internal.reflect.DelegatingMethodAccessorImpl.invoke(DelegatingMethodAccessorImpl.java:43)
	at java.base/java.lang.reflect.Method.invoke(Method.java:564)
	at org.junit.runners.model.FrameworkMethod$1.runReflectiveCall(FrameworkMethod.java:50)
	at org.junit.internal.runners.model.ReflectiveCallable.run(ReflectiveCallable.java:12)
	at org.junit.runners.model.FrameworkMethod.invokeExplosively(FrameworkMethod.java:47)
	at org.junit.internal.runners.statements.InvokeMethod.evaluate(InvokeMethod.java:17)
	at org.junit.internal.runners.statements.RunAfters.evaluate(RunAfters.java:27)
	at org.junit.runners.ParentRunner.runLeaf(ParentRunner.java:325)
	at org.junit.runners.BlockJUnit4ClassRunner.runChild(BlockJUnit4ClassRunner.java:78)
	at org.junit.runners.BlockJUnit4ClassRunner.runChild(BlockJUnit4ClassRunner.java:57)
	at org.junit.runners.ParentRunner$3.run(ParentRunner.java:290)
	at org.junit.runners.ParentRunner$1.schedule(ParentRunner.java:71)
	at org.junit.runners.ParentRunner.runChildren(ParentRunner.java:288)
	at org.junit.runners.ParentRunner.access$000(ParentRunner.java:58)
	at org.junit.runners.ParentRunner$2.evaluate(ParentRunner.java:268)
	at org.junit.runners.ParentRunner.run(ParentRunner.java:363)
	at org.gradle.api.internal.tasks.testing.junit.JUnitTestClassExecutor.runTestClass(JUnitTestClassExecutor.java:110)
	at org.gradle.api.internal.tasks.testing.junit.JUnitTestClassExecutor.execute(JUnitTestClassExecutor.java:58)
	at org.gradle.api.internal.tasks.testing.junit.JUnitTestClassExecutor.execute(JUnitTestClassExecutor.java:38)
	at org.gradle.api.internal.tasks.testing.junit.AbstractJUnitTestClassProcessor.processTestClass(AbstractJUnitTestClassProcessor.java:62)
	at org.gradle.api.internal.tasks.testing.SuiteTestClassProcessor.processTestClass(SuiteTestClassProcessor.java:51)
	at jdk.internal.reflect.GeneratedMethodAccessor24.invoke(Unknown Source)
	at java.base/jdk.internal.reflect.DelegatingMethodAccessorImpl.invoke(DelegatingMethodAccessorImpl.java:43)
	at java.base/java.lang.reflect.Method.invoke(Method.java:564)
	at org.gradle.internal.dispatch.ReflectionDispatch.dispatch(ReflectionDispatch.java:36)
	at org.gradle.internal.dispatch.ReflectionDispatch.dispatch(ReflectionDispatch.java:24)
	at org.gradle.internal.dispatch.ContextClassLoaderDispatch.dispatch(ContextClassLoaderDispatch.java:33)
	at org.gradle.internal.dispatch.ProxyDispatchAdapter$DispatchingInvocationHandler.invoke(ProxyDispatchAdapter.java:94)
	at com.sun.proxy.$Proxy2.processTestClass(Unknown Source)
	at org.gradle.api.internal.tasks.testing.worker.TestWorker.processTestClass(TestWorker.java:121)
	at jdk.internal.reflect.GeneratedMethodAccessor23.invoke(Unknown Source)
	at java.base/jdk.internal.reflect.DelegatingMethodAccessorImpl.invoke(DelegatingMethodAccessorImpl.java:43)
	at java.base/java.lang.reflect.Method.invoke(Method.java:564)
	at org.gradle.internal.dispatch.ReflectionDispatch.dispatch(ReflectionDispatch.java:36)
	at org.gradle.internal.dispatch.ReflectionDispatch.dispatch(ReflectionDispatch.java:24)
	at org.gradle.internal.remote.internal.hub.MessageHubBackedObjectConnection$DispatchWrapper.dispatch(MessageHubBackedObjectConnection.java:182)
	at org.gradle.internal.remote.internal.hub.MessageHubBackedObjectConnection$DispatchWrapper.dispatch(MessageHubBackedObjectConnection.java:164)
	at org.gradle.internal.remote.internal.hub.MessageHub$Handler.run(MessageHub.java:414)
	at org.gradle.internal.concurrent.ExecutorPolicy$CatchAndRecordFailures.onExecute(ExecutorPolicy.java:64)
	at org.gradle.internal.concurrent.ManagedExecutorImpl$1.run(ManagedExecutorImpl.java:48)
	at java.base/java.util.concurrent.ThreadPoolExecutor.runWorker(ThreadPoolExecutor.java:1130)
	at java.base/java.util.concurrent.ThreadPoolExecutor$Worker.run(ThreadPoolExecutor.java:630)
	at org.gradle.internal.concurrent.ThreadFactoryImpl$ManagedThreadRunnable.run(ThreadFactoryImpl.java:56)
	at java.base/java.lang.Thread.run(Thread.java:832)
</failure>
  </testcase>
  <testcase name="reportsWhenComponentAssertionFails" classname="com.objogate.wl.swing.probe.tests.ComponentFinderErrorMessagesTest" time="0.642">
    <failure message="java.lang.AssertionError: &#10;Expected: a string containing &quot;Tried to look for&quot;, &quot;exactly 1&quot;, &quot;JLabel&quot;, &quot;with name \&quot;label\&quot;&quot;, &quot;in exactly 1 JFrame&quot;, &quot;with name \&quot;componentViewer\&quot;&quot;, &quot;in all top level windows&quot;, &quot;and check&quot;, &quot;background color&quot;, &quot;&lt;java.awt.Color[r=0,g=0,b=0]&gt;&quot;, &quot;but&quot;, &quot;all top level windows&quot;, &quot;contained 1 JFrame&quot;, &quot;with name \&quot;componentViewer\&quot;&quot;, &quot;contained 1 JLabel&quot;, &quot;with name \&quot;label\&quot;&quot;, &quot;background color was&quot;, &quot;&lt;java.awt.Color[r=255,g=255,b=255]&gt;&quot; in order&#10;     but: was &quot;\nTried to find:\n    exactly 1 JLabel (with name \&quot;label\&quot;)\n    in exactly 1 JFrame (with name \&quot;componentViewer\&quot;)\n    in all top level windows\nand check that its background color is &lt;java.awt.Color[r=0,g=0,b=0]&gt;\nbut:\n    all top level windows\n    contained 14 JFrame (with name \&quot;componentViewer\&quot;)&quot;" type="java.lang.AssertionError">java.lang.AssertionError: 
Expected: a string containing &quot;Tried to look for&quot;, &quot;exactly 1&quot;, &quot;JLabel&quot;, &quot;with name \&quot;label\&quot;&quot;, &quot;in exactly 1 JFrame&quot;, &quot;with name \&quot;componentViewer\&quot;&quot;, &quot;in all top level windows&quot;, &quot;and check&quot;, &quot;background color&quot;, &quot;&lt;java.awt.Color[r=0,g=0,b=0]&gt;&quot;, &quot;but&quot;, &quot;all top level windows&quot;, &quot;contained 1 JFrame&quot;, &quot;with name \&quot;componentViewer\&quot;&quot;, &quot;contained 1 JLabel&quot;, &quot;with name \&quot;label\&quot;&quot;, &quot;background color was&quot;, &quot;&lt;java.awt.Color[r=255,g=255,b=255]&gt;&quot; in order
     but: was &quot;\nTried to find:\n    exactly 1 JLabel (with name \&quot;label\&quot;)\n    in exactly 1 JFrame (with name \&quot;componentViewer\&quot;)\n    in all top level windows\nand check that its background color is &lt;java.awt.Color[r=0,g=0,b=0]&gt;\nbut:\n    all top level windows\n    contained 14 JFrame (with name \&quot;componentViewer\&quot;)&quot;
	at org.hamcrest.MatcherAssert.assertThat(MatcherAssert.java:20)
	at org.junit.Assert.assertThat(Assert.java:956)
	at org.junit.Assert.assertThat(Assert.java:923)
	at com.objogate.wl.swing.probe.tests.ComponentFinderErrorMessagesTest.reportsWhenComponentAssertionFails(ComponentFinderErrorMessagesTest.java:95)
	at java.base/jdk.internal.reflect.NativeMethodAccessorImpl.invoke0(Native Method)
	at java.base/jdk.internal.reflect.NativeMethodAccessorImpl.invoke(NativeMethodAccessorImpl.java:64)
	at java.base/jdk.internal.reflect.DelegatingMethodAccessorImpl.invoke(DelegatingMethodAccessorImpl.java:43)
	at java.base/java.lang.reflect.Method.invoke(Method.java:564)
	at org.junit.runners.model.FrameworkMethod$1.runReflectiveCall(FrameworkMethod.java:50)
	at org.junit.internal.runners.model.ReflectiveCallable.run(ReflectiveCallable.java:12)
	at org.junit.runners.model.FrameworkMethod.invokeExplosively(FrameworkMethod.java:47)
	at org.junit.internal.runners.statements.InvokeMethod.evaluate(InvokeMethod.java:17)
	at org.junit.internal.runners.statements.RunAfters.evaluate(RunAfters.java:27)
	at org.junit.runners.ParentRunner.runLeaf(ParentRunner.java:325)
	at org.junit.runners.BlockJUnit4ClassRunner.runChild(BlockJUnit4ClassRunner.java:78)
	at org.junit.runners.BlockJUnit4ClassRunner.runChild(BlockJUnit4ClassRunner.java:57)
	at org.junit.runners.ParentRunner$3.run(ParentRunner.java:290)
	at org.junit.runners.ParentRunner$1.schedule(ParentRunner.java:71)
	at org.junit.runners.ParentRunner.runChildren(ParentRunner.java:288)
	at org.junit.runners.ParentRunner.access$000(ParentRunner.java:58)
	at org.junit.runners.ParentRunner$2.evaluate(ParentRunner.java:268)
	at org.junit.runners.ParentRunner.run(ParentRunner.java:363)
	at org.gradle.api.internal.tasks.testing.junit.JUnitTestClassExecutor.runTestClass(JUnitTestClassExecutor.java:110)
	at org.gradle.api.internal.tasks.testing.junit.JUnitTestClassExecutor.execute(JUnitTestClassExecutor.java:58)
	at org.gradle.api.internal.tasks.testing.junit.JUnitTestClassExecutor.execute(JUnitTestClassExecutor.java:38)
	at org.gradle.api.internal.tasks.testing.junit.AbstractJUnitTestClassProcessor.processTestClass(AbstractJUnitTestClassProcessor.java:62)
	at org.gradle.api.internal.tasks.testing.SuiteTestClassProcessor.processTestClass(SuiteTestClassProcessor.java:51)
	at jdk.internal.reflect.GeneratedMethodAccessor24.invoke(Unknown Source)
	at java.base/jdk.internal.reflect.DelegatingMethodAccessorImpl.invoke(DelegatingMethodAccessorImpl.java:43)
	at java.base/java.lang.reflect.Method.invoke(Method.java:564)
	at org.gradle.internal.dispatch.ReflectionDispatch.dispatch(ReflectionDispatch.java:36)
	at org.gradle.internal.dispatch.ReflectionDispatch.dispatch(ReflectionDispatch.java:24)
	at org.gradle.internal.dispatch.ContextClassLoaderDispatch.dispatch(ContextClassLoaderDispatch.java:33)
	at org.gradle.internal.dispatch.ProxyDispatchAdapter$DispatchingInvocationHandler.invoke(ProxyDispatchAdapter.java:94)
	at com.sun.proxy.$Proxy2.processTestClass(Unknown Source)
	at org.gradle.api.internal.tasks.testing.worker.TestWorker.processTestClass(TestWorker.java:121)
	at jdk.internal.reflect.GeneratedMethodAccessor23.invoke(Unknown Source)
	at java.base/jdk.internal.reflect.DelegatingMethodAccessorImpl.invoke(DelegatingMethodAccessorImpl.java:43)
	at java.base/java.lang.reflect.Method.invoke(Method.java:564)
	at org.gradle.internal.dispatch.ReflectionDispatch.dispatch(ReflectionDispatch.java:36)
	at org.gradle.internal.dispatch.ReflectionDispatch.dispatch(ReflectionDispatch.java:24)
	at org.gradle.internal.remote.internal.hub.MessageHubBackedObjectConnection$DispatchWrapper.dispatch(MessageHubBackedObjectConnection.java:182)
	at org.gradle.internal.remote.internal.hub.MessageHubBackedObjectConnection$DispatchWrapper.dispatch(MessageHubBackedObjectConnection.java:164)
	at org.gradle.internal.remote.internal.hub.MessageHub$Handler.run(MessageHub.java:414)
	at org.gradle.internal.concurrent.ExecutorPolicy$CatchAndRecordFailures.onExecute(ExecutorPolicy.java:64)
	at org.gradle.internal.concurrent.ManagedExecutorImpl$1.run(ManagedExecutorImpl.java:48)
	at java.base/java.util.concurrent.ThreadPoolExecutor.runWorker(ThreadPoolExecutor.java:1130)
	at java.base/java.util.concurrent.ThreadPoolExecutor$Worker.run(ThreadPoolExecutor.java:630)
	at org.gradle.internal.concurrent.ThreadFactoryImpl$ManagedThreadRunnable.run(ThreadFactoryImpl.java:56)
	at java.base/java.lang.Thread.run(Thread.java:832)
</failure>
  </testcase>
  <system-out><![CDATA[]]></system-out>
  <system-err><![CDATA[WARNING: could not load keyboard layout BE, using fallback layout with reduced capabilities (JAR entry com/objogate/wl/keyboard/BE not found in C:\Users\densh\code\windowlicker\core\build\libs\core.jar)
WARNING: could not load keyboard layout BE, using fallback layout with reduced capabilities (JAR entry com/objogate/wl/keyboard/BE not found in C:\Users\densh\code\windowlicker\core\build\libs\core.jar)
WARNING: could not load keyboard layout BE, using fallback layout with reduced capabilities (JAR entry com/objogate/wl/keyboard/BE not found in C:\Users\densh\code\windowlicker\core\build\libs\core.jar)
]]></system-err>
</testsuite>
